[www.soscalemedia.se/index.html]
[backblue.gif]
[fade.gif]
[index.html]
[cdn.prod.website-files.com/67a323a1c68594827fa0cca9/css/soscale-39349c-c66c87b5666753b1b89d5bc1.webflow.shared.1aa2f82cd.css]
[ajax.googleapis.com/ajax/libs/webfont/1.6.26/webfont.js]
[cdn.prod.website-files.com/67a323a1c68594827fa0cca9/67a392515bb29399f8c12d07_fav.png]
[cdn.prod.website-files.com/67a323a1c68594827fa0cca9/67a323a1c68594827fa0ce4b_fav_256.png]
[cdn.jsdelivr.net/npm/splitting@1.0.6/dist/splitting.min.css]
[cdn.jsdelivr.net/npm/splitting@1.0.6/dist/splitting-cells.css]
[cdn.jsdelivr.net/npm/gsap@3.12.5/dist/gsap.min.js]
[cdn.jsdelivr.net/npm/gsap@3.12.5/dist/ScrollTrigger.min.js]
[cdn.jsdelivr.net/gh/timothydesign/script/split-type.js]
[cdn.jsdelivr.net/npm/@finsweet/attributes-cmsslider@1/cmsslider.js]
[unpkg.com/flickity@2.3.0/dist/flickity.min.css]
[cdn.prod.website-files.com/67a323a1c68594827fa0cca9/67a61ab8639234ada24cdd5e_Group 2147255215.png]
[link.msgsndr.com/js/form_embed.js]
[www.soscalemedia.se/services.html]
[www.soscalemedia.se/portfolio.html]
[www.soscalemedia.se/about.html]
[www.soscalemedia.se/case-studies.html]
[www.soscalemedia.se/resources.html]
[www.soscalemedia.se/reviews.html]
[cdn.prod.website-files.com/67a323a1c68594827fa0cca9/687a3a8645555f289e33f3dc_tik-tik.png]
[cdn.prod.website-files.com/67a323a1c68594827fa0cca9/687a3a8638627c9ee3894e79_meta.png]
[cdn.prod.website-files.com/67a323a1c68594827fa0cca9/687a3a8644209eca92c33ce8_Google-Partner.png]
[cdn.prod.website-files.com/67a323a1c68594827fa0cca9/687a3a86dc963811333d02af_shopify-partners.png]
[cdn.prod.website-files.com/67a323a1c68594827fa0cca9/6890ac6dd1089ea56f8146c3_clavio.png]
[cdn.prod.website-files.com/67a323a1c68594827fa0cca9/67a323a1c68594827fa0cccc_Group 96.png]
[www.soscalemedia.se/case-studies/twistshake.html]
[cdn.prod.website-files.com/67a323a1c68594827fa0ccce/67a323a1c68594827fa0cd8f_coffydoor.png]
[cdn.prod.website-files.com/67a323a1c68594827fa0ccce/67a323a1c68594827fa0cd38_aimo.png]
[cdn.prod.website-files.com/67a323a1c68594827fa0ccce/67a323a1c68594827fa0cd51_dense.png]
[cdn.prod.website-files.com/67a323a1c68594827fa0ccce/67a323a1c68594827fa0cd6c_ff.png]
[cdn.prod.website-files.com/67a323a1c68594827fa0ccce/67a323a1c68594827fa0cda4_yagya.png]
[cdn.prod.website-files.com/67a323a1c68594827fa0ccce/67a323a1c68594827fa0ccee_twistshake.png]
[cdn.prod.website-files.com/67a323a1c68594827fa0cca9/67a323a1c68594827fa0ccca_Vector.png]
[cdn.prod.website-files.com/67a323a1c68594827fa0cca9/68395e2c771ee52a6e8e6174_chess-two.png]
[www.soscalemedia.se/book-a-meeting.html]
[www.soscalemedia.se/legal.html]
[d3e54v103j8qbb.cloudfront.net/js/jquery-3.5.1.min.dc5e7f18c87042.js]
[cdn.prod.website-files.com/67a323a1c68594827fa0cca9/js/webflow.schunk.9cd7b152627b8cd1.js]
[cdn.prod.website-files.com/67a323a1c68594827fa0cca9/js/webflow.schunk.3abf12562e6d9999.js]
[cdn.prod.website-files.com/67a323a1c68594827fa0cca9/js/webflow.fcd4a584.e0d57b67b5ce66e4.js]
[code.jquery.com/jquery-3.6.0.min.js]
[cdn.jsdelivr.net/gh/studio-freight/lenis@1.0.23/bundled/lenis.min.js]
[cdnjs.cloudflare.com/ajax/libs/gsap/3.11.4/gsap.min.js]
[cdnjs.cloudflare.com/ajax/libs/gsap/3.11.4/ScrollTrigger.min.js]
[cdn.jsdelivr.net/npm/splitting@1.0.6/dist/splitting.min.js]
[cdnjs.cloudflare.com/ajax/libs/gsap/2.0.2/TweenMax.min.js]
[www.soscalemedia.se/index.html]
[unpkg.com/flickity@2.3.0/dist/flickity.pkgd.min.js]
[cdn.prod.website-files.com/67a323a1c68594827fa0cca9/67a323a1c68594827fa0ce40_404-bg-min.png]
[cdn.prod.website-files.com/67a323a1c68594827fa0cca9/css/soscale-39349c-c66c87b5666753b1b89d5bc1.webflow.shared.1aa2f82cd.css]
[cdn.jsdelivr.net/npm/splitting@1.0.6/dist/splitting.min.css]
[cdn.jsdelivr.net/npm/splitting@1.0.6/dist/splitting-cells.css]
[www.googletagmanager.com/gtm5445.html]
[unpkg.com/flickity@2.3.0/dist/flickity.min.css]
[cdn.prod.website-files.com/67a323a1c68594827fa0cca9/67a4acfd1eab267ede5aad76_Frame 2147255417.jpg]
[cdn.prod.website-files.com/67a323a1c68594827fa0cca9/67a4ad728c572bff612a6d39_Frame 2147255418.jpg]
[cdnjs.cloudflare.com/ajax/libs/jquery/3.7.1/jquery.min.js]
[www.soscalemedia.se/services.html]
[cdnjs.cloudflare.com/ajax/libs/three.js/r128/three.min.js]
[www.soscalemedia.se/ugc.html]
[www.soscalemedia.se/high-production.html]
[www.soscalemedia.se/portfolio.html]
[www.soscalemedia.se/static-ads.html]
[cdn.prod.website-files.com/67a323a1c68594827fa0cca9/67a323a1c68594827fa0cdc9_mobile.jpg]
[www.soscalemedia.se/about.html]
[cdn.prod.website-files.com/67a323a1c68594827fa0cca9/67a323a1c68594827fa0cdf6_Twistshake-4.png]
[cdn.prod.website-files.com/67a323a1c68594827fa0cca9/67a323a1c68594827fa0cdf5_Twistshake-3.png]
[cdn.prod.website-files.com/67a323a1c68594827fa0cca9/67a323a1c68594827fa0cdf3_Twistshake-1.png]
[cdn.prod.website-files.com/67a323a1c68594827fa0cca9/67a323a1c68594827fa0cdf4_Twistshake-5.png]
[cdn.prod.website-files.com/67a323a1c68594827fa0cca9/67a323a1c68594827fa0cdf7_Twistshake-2.png]
[cdn.prod.website-files.com/67a323a1c68594827fa0cca9/67a323a1c68594827fa0cde3_Yagya-5.png]
[cdn.prod.website-files.com/67a323a1c68594827fa0cca9/67a323a1c68594827fa0cde1_Yagya-4.png]
[cdn.prod.website-files.com/67a323a1c68594827fa0cca9/67a323a1c68594827fa0cde4_Yagya-1.png]
[cdn.prod.website-files.com/67a323a1c68594827fa0cca9/67a323a1c68594827fa0cde2_Yagya-2.png]
[cdn.prod.website-files.com/67a323a1c68594827fa0cca9/67a323a1c68594827fa0cde5_Yagya-3.png]
[cdn.prod.website-files.com/67a323a1c68594827fa0cca9/67a323a1c68594827fa0cdea_Aimo-3.png]
[cdn.prod.website-files.com/67a323a1c68594827fa0cca9/67a323a1c68594827fa0cde8_Aimo-4.png]
[cdn.prod.website-files.com/67a323a1c68594827fa0cca9/67a323a1c68594827fa0cde9_Aimo-1.png]
[cdn.prod.website-files.com/67a323a1c68594827fa0cca9/67a323a1c68594827fa0cde6_Aimo-2.png]
[cdn.prod.website-files.com/67a323a1c68594827fa0cca9/67a323a1c68594827fa0cde7_Aimo-5.png]
[cdn.prod.website-files.com/67a323a1c68594827fa0cca9/67a323a1c68594827fa0cded_Lifeseeds-3.png]
[cdn.prod.website-files.com/67a323a1c68594827fa0cca9/67a323a1c68594827fa0cdeb_Lifeseeds-4.png]
[cdn.prod.website-files.com/67a323a1c68594827fa0cca9/67a323a1c68594827fa0cdee_Lifeseeds-1.png]
[cdn.prod.website-files.com/67a323a1c68594827fa0cca9/67a323a1c68594827fa0cdf2_Lifeseeds-2.png]
[cdn.prod.website-files.com/67a323a1c68594827fa0cca9/67a323a1c68594827fa0cdec_Lifeseeds-5.png]
[cdn.prod.website-files.com/67a323a1c68594827fa0cca9/67bf2a5569dcfc69b97ccfda_1.png]
[cdn.prod.website-files.com/67a323a1c68594827fa0cca9/67bf2a68ba17dbafd57fcf87_2.png]
[cdn.prod.website-files.com/67a323a1c68594827fa0cca9/67bf2a68dc965c4f17951383_3.png]
[cdn.prod.website-files.com/67a323a1c68594827fa0cca9/67bf2a73aa049204d8b32902_4.png]
[cdn.prod.website-files.com/67a323a1c68594827fa0cca9/67bf2a739498f61ed6ba2179_5.png]
[cdn.prod.website-files.com/67a323a1c68594827fa0cca9/68a97c5ed73e5cf84d4984fa_winning static 13.jpg]
[cdn.prod.website-files.com/67a323a1c68594827fa0cca9/68a97c5e08c491ce4984dbdd_Winning static 3.jpg]
[cdn.prod.website-files.com/67a323a1c68594827fa0cca9/68a97c5ee6eaf6f5cfaccc45_Winning static 2.jpg]
[cdn.prod.website-files.com/67a323a1c68594827fa0cca9/68a97c85606d5eef2fb535c5_Design från Your Story.gif]
[cdn.prod.website-files.com/67a323a1c68594827fa0cca9/68a97c9b7f19a355eddcd0b7_Losing static 5.jpg]
[cdn.prod.website-files.com/67a323a1c68594827fa0cca9/68fe79e16ac07322dd1cab7f_salte_static-202509_1_var1_v1_1350.png]
[cdn.prod.website-files.com/67a323a1c68594827fa0cca9/68fe79ef6243b19ff740268d_Salte D2 1080x1080 (1).png]
[cdn.prod.website-files.com/67a323a1c68594827fa0cca9/68fe79ef6091f2021e882807_ASSET_Salte_Iteration-static-2025-08_0001_var1_v1_1350_A-1312.png]
[cdn.prod.website-files.com/67a323a1c68594827fa0cca9/68fe7a0037258caafb431fd2_3.gif]
[cdn.prod.website-files.com/67a323a1c68594827fa0cca9/68fe7a006091f2021e882a91_1.gif]
[www.soscalemedia.se/case-studies/yagya.html]
[www.soscalemedia.se/case-studies/aimo-subscription.html]
[www.soscalemedia.se/case-studies/lifeseeds.html]
[www.soscalemedia.se/case-studies/arakii.html]
[www.soscalemedia.se/case-studies/furry-family.html]
[www.soscalemedia.se/case-studies/salte-electrolytes.html]
[cdn.prod.website-files.com/67a323a1c68594827fa0cca9/js/webflow.schunk.121b0d7ff03e0f4a.js]
[www.soscalemedia.se/case-studies.html]
[cdn.prod.website-files.com/67a323a1c68594827fa0cca9/js/webflow.24b7b09c.7d19caf5530434dc.js]
[www.soscalemedia.se/resources/e-book-winning-bfcm25.html]
[cdn.prod.website-files.com/67a323a1c68594827fa0ccce/68cec9f6d7393226b86e44df_winning bfcm 25.png]
[www.soscalemedia.se/resources/meta-ads-tech-tune-up.html]
[cdn.prod.website-files.com/67a323a1c68594827fa0ccce/681ca53448408ce6f6dd251a_A4 - 59.png]
[www.soscalemedia.se/resources/25-high-performing-static-ad-templates.html]
[cdn.prod.website-files.com/67a323a1c68594827fa0ccce/681ca53d8cee01ea4867e6bb_A4 - 58.png]
[www.soscalemedia.se/resources/marketing-psychology.html]
[cdn.prod.website-files.com/67a323a1c68594827fa0ccce/67a37e48749d795e7c2c0d85_A4 - 49.png]
[www.soscalemedia.se/resources/100-winning-concepts.html]
[cdn.prod.website-files.com/67a323a1c68594827fa0ccce/67a37e62b4095dcad86626f8_A4 - 45.png]
[www.soscalemedia.se/resources/how-to-sell-with-ugc.html]
[cdn.prod.website-files.com/67a323a1c68594827fa0ccce/67a37eb23396ace7aa4bae6e_A4 - 44.png]
[www.soscalemedia.se/resources/kpi-decision-making.html]
[cdn.prod.website-files.com/67a323a1c68594827fa0ccce/67a37ecde5e99722e4489005_A4 - 43.png]
[www.soscalemedia.se/resources/landing-pages---pdp-checklist.html]
[cdn.prod.website-files.com/67a323a1c68594827fa0ccce/67a37ee4a9f24a662ba4dba3_A4 - 37.png]
[www.soscalemedia.se/resources/building-your-avatar-training.html]
[cdn.prod.website-files.com/67a323a1c68594827fa0ccce/67a37fa7d86e95379ce5dc5d_A4 - 55.png]
[www.soscalemedia.se/resources/guide-for-iterations-on-existing-ads.html]
[cdn.prod.website-files.com/67a323a1c68594827fa0ccce/67a37fb9c0601833933fd177_A4 - 42.png]
[www.soscalemedia.se/resources/250-hooks-ready-to-use.html]
[cdn.prod.website-files.com/67a323a1c68594827fa0ccce/67a37fc92eef6c80ebc16586_A4 - 38.png]
[www.soscalemedia.se/resources/1200-free-creators.html]
[cdn.prod.website-files.com/67a323a1c68594827fa0ccce/67a37fdad744fd0a16b4cdd2_A4 - 54.png]
[www.soscalemedia.se/resources/creative-that-scale.html]
[cdn.prod.website-files.com/67a323a1c68594827fa0ccce/67a37fff36adba23009cd3c0_A4 - 53.png]
[www.soscalemedia.se/resources.html]
[cdn.prod.website-files.com/67a323a1c68594827fa0cca9/67a323a1c68594827fa0ce20_careers-hero-min.png]
[cdn.prod.website-files.com/67a323a1c68594827fa0cca9/67a323a1c68594827fa0ce1f_careers-hero-mob-min.png]
[cdnjs.cloudflare.com/ajax/libs/gsap/3.12.4/gsap.min.js]
[www.soscalemedia.se/reviews.html]
[cdnjs.cloudflare.com/ajax/libs/gsap/3.12.4/Observer.min.js]
[cdn.prod.website-files.com/67a323a1c68594827fa0ccce/67a323a1c68594827fa0ce56_Arakii Film 1 16x9.png]
[cdn.prod.website-files.com/67a323a1c68594827fa0ccce/67a323a1c68594827fa0ce57_Arakii Film 1 16x9-1.png]
[cdn.prod.website-files.com/67a323a1c68594827fa0ccce/67a323a1c68594827fa0ce58_m542108014808348_OYOICg202z4.png]
[cdn.prod.website-files.com/67a323a1c68594827fa0ccce/67a323a1c68594827fa0ce59_m747519844012993_xzdKY1n_ir0.png]
[cdn.prod.website-files.com/67a323a1c68594827fa0ccce/67a323a1c68594827fa0ce5a_ARAKII SS24 story annons.png]
[www.soscalemedia.se/case-studies/twistshake.html]
[www.soscalemedia.se/book-a-meeting.html]
[www.soscalemedia.se/legal.html]
[www.soscalemedia.se/ugc.html]
[www.soscalemedia.se/high-production.html]
[cdn.prod.website-files.com/67a323a1c68594827fa0cca9/js/webflow.b90509dc.bfc2bcca3f224de3.js]
[www.soscalemedia.se/_https_/cdn.prod.website-files.com/67a323a1c68594827fa0ccce/67a323a1c68594827fa0ce65_Selahatin Best Static Ads 1080x1920 B (1.8a.delayed]
[www.soscalemedia.se/_https_/cdn.prod.website-files.com/67a323a1c68594827fa0ccce/67a323a1c68594827fa0ce64_AD 1 Quote 1080x1080.webp_]
[www.soscalemedia.se/_https_/cdn.prod.website-files.com/67a323a1c68594827fa0ccce/67a323a1c68594827fa0ce63_Sisterly Tribe Best Static Ads 1080x1920 A.webp_]
[www.soscalemedia.se/_https_/cdn.prod.website-files.com/67a323a1c68594827fa0ccce/67a323a1c68594827fa0ce66_Atunya Best Static Ads 1080x1920 A.webp_]
[www.soscalemedia.se/_https_/cdn.prod.website-files.com/67a323a1c68594827fa0ccce/67a46915c7dd47c881a17f6e_COFFYDOOR C1 1080x1920.png_]
[www.soscalemedia.se/_https_/cdn.prod.website-files.com/67a323a1c68594827fa0ccce/67a4693d91cb3421bdbe5212_Dense Nutrition Best Static Ads 1080x1920 A.webp_]
[www.soscalemedia.se/_https_/cdn.prod.website-files.com/67a323a1c68594827fa0ccce/67a4695d857a24b0e1b8cfe9_Furry Family Iteration A 2024 Presentation.webp_]
[www.soscalemedia.se/_https_/cdn.prod.website-files.com/67a323a1c68594827fa0ccce/67a469914f6017640bb3cc54_HEAT By Sophia Lie Best Static Ads 1080x1920 B.webp_]
[www.soscalemedia.se/_https_/cdn.prod.website-files.com/67a323a1c68594827fa0ccce/67a469a925cda1c5f622f100_Imove Best Static Ads 1080x1920 A.webp_]
[www.soscalemedia.se/_https_/cdn.prod.website-files.com/67a323a1c68594827fa0ccce/67a46c1beefd261b0ad25616_Lifeseeds Best Static Ads 1080x1920 A.webp_]
[www.soscalemedia.se/_https_/cdn.prod.website-files.com/67a323a1c68594827fa0ccce/67a46c56fec8e1a2bd27767a_Sachajuan Best Static Ads 1080x1920 A.webp_]
[www.soscalemedia.se/_https_/cdn.prod.website-files.com/67a323a1c68594827fa0ccce/67a46c84e115f8b6dae9bf7c_Sachajuan Best Static Ads 1080x1920 B.webp_]
[www.soscalemedia.se/_https_/cdn.prod.website-files.com/67a323a1c68594827fa0ccce/67a46ca7cd3331cd0be332c4_Lifeseeds Master Document Slide 102.webp_]
[www.soscalemedia.se/_https_/cdn.prod.website-files.com/67a323a1c68594827fa0ccce/67a46c30389bfb55c32dc29c_Narcyss Aug 2024 Presentation Page 7B.webp_]
[www.soscalemedia.se/static-ads.html]
[cdn.prod.website-files.com/67a323a1c68594827fa0ccce/67a323a1c68594827fa0ce30_679de77f40e2c813825a72b9_Arakii%20Film%201%2016x9.png]
[cdn.prod.website-files.com/67a323a1c68594827fa0ccce/67a323a1c68594827fa0ce32_679de783088232ac8c1d8207_Arakii%20Film%201%2016x9-1.png]
[cdn.prod.website-files.com/67a323a1c68594827fa0ccce/67a323a1c68594827fa0ce33_679de78d05a4d2c8c9d921a2_m542108014808348_OYOICg202z4.png]
[cdn.prod.website-files.com/67a323a1c68594827fa0ccce/67a323a1c68594827fa0ce31_679de792ffc1726ff60a5457_m747519844012993_xzdKY1n_ir0.png]
[cdn.prod.website-files.com/67a323a1c68594827fa0ccce/67a323a1c68594827fa0ce2f_679de79c0f65b043f445aede_ARAKII%20SS24%20story%20annons.png]
[cdn.prod.website-files.com/67a323a1c68594827fa0ccce/683440b812f342158461ecf5_Arakii-film.jpg]
[cdn.prod.website-files.com/67a323a1c68594827fa0ccce/683442fa068ce88e597ae2da_Arakii-cover.jpg]
[www.soscalemedia.se/case-studies/yagya.html]
[cdn.prod.website-files.com/67a323a1c68594827fa0ccce/67a323a1c68594827fa0ce34_Arakii Film 1 16x9.png]
[cdn.prod.website-files.com/67a323a1c68594827fa0ccce/67a323a1c68594827fa0ce35_Arakii Film 1 16x9-1.png]
[cdn.prod.website-files.com/67a323a1c68594827fa0ccce/67a323a1c68594827fa0ce36_m542108014808348_OYOICg202z4.png]
[cdn.prod.website-files.com/67a323a1c68594827fa0ccce/67a323a1c68594827fa0ce37_m747519844012993_xzdKY1n_ir0.png]
[cdn.prod.website-files.com/67a323a1c68594827fa0ccce/67a323a1c68594827fa0ce38_ARAKII SS24 story annons.png]
[cdn.prod.website-files.com/67a323a1c68594827fa0ccce/68344bee933045f68350ab19_aimo-half.jpg]
[cdn.prod.website-files.com/67a323a1c68594827fa0ccce/68344c34f121e1425cdf42e4_aimo-cover.jpg]
[www.soscalemedia.se/case-studies/aimo-subscription.html]
[cdn.prod.website-files.com/67a323a1c68594827fa0ccce/67a323a1c68594827fa0ce39_Arakii Film 1 16x9.png]
[cdn.prod.website-files.com/67a323a1c68594827fa0ccce/67a323a1c68594827fa0ce3a_Arakii Film 1 16x9-1.png]
[cdn.prod.website-files.com/67a323a1c68594827fa0ccce/67a323a1c68594827fa0ce3b_m542108014808348_OYOICg202z4.png]
[cdn.prod.website-files.com/67a323a1c68594827fa0ccce/67a323a1c68594827fa0ce4d_m747519844012993_xzdKY1n_ir0.png]
[cdn.prod.website-files.com/67a323a1c68594827fa0ccce/67a323a1c68594827fa0ce55_ARAKII SS24 story annons.png]
[cdn.prod.website-files.com/67a323a1c68594827fa0ccce/683447cd4175e8e89b7a3dda_Lifeseeds-half-2.jpg]
[cdn.prod.website-files.com/67a323a1c68594827fa0ccce/683447d1068baf0480f34dc3_Lifeseeds-half-1.jpg]
[cdn.prod.website-files.com/67a323a1c68594827fa0ccce/6834482312f3421584665f9e_Lifeseeds-cover.jpg]
[www.soscalemedia.se/case-studies/lifeseeds.html]
[www.soscalemedia.se/case-studies/arakii.html]
[cdn.prod.website-files.com/67a323a1c68594827fa0ccce/689b041fdd9894b4cbafff31_Design 1420x1620.gif]
[cdn.prod.website-files.com/67a323a1c68594827fa0ccce/689b046dc73d8d39c5ea0bab_Case Study Movies (1).png]
[cdn.prod.website-files.com/67a323a1c68594827fa0ccce/689b029500606d8ac06de40a_Furry Family Hundfoder Iteration B.png]
[cdn.prod.website-files.com/67a323a1c68594827fa0ccce/689b02b9103bc163841fbc8d_Furry Family D1 1080x1920 (1).png]
[cdn.prod.website-files.com/67a323a1c68594827fa0ccce/689b02bf03eb1f154f80b6b4_FURRY FAMILY B1 1080x1920 (1) (1).png]
[cdn.prod.website-files.com/67a323a1c68594827fa0ccce/689b05103172c69c530620c9_4.gif]
[cdn.prod.website-files.com/67a323a1c68594827fa0ccce/689b0512f6439a612bc513ea_3.gif]
[cdn.prod.website-files.com/67a323a1c68594827fa0ccce/68a822fbb8980c4feb359b1b_Presentation design (3).png]
[www.soscalemedia.se/case-studies/furry-family.html]
[cdn.prod.website-files.com/67a323a1c68594827fa0ccce/68fe4ce7ddbe0a453544d46c_1.gif]
[cdn.prod.website-files.com/67a323a1c68594827fa0ccce/68fe4cf0185f04e73ded7ebb_ASSET_Salte_Iteration-static-2025-08_0001_var1_v1_1350_A-1312.png]
[cdn.prod.website-files.com/67a323a1c68594827fa0ccce/68fe4cf57766a04f9f58ce34_2.gif]
[cdn.prod.website-files.com/67a323a1c68594827fa0ccce/68fe4cfc4da35c03c54e321b_3.gif]
[cdn.prod.website-files.com/67a323a1c68594827fa0ccce/68fe4d0161500699cd21f7c8_salte_static-202509_1_var1_v1_1350.png]
[cdn.prod.website-files.com/67a323a1c68594827fa0ccce/68fe4d07342b123c445352c7_Salte D2 1080x1080 (1).png]
[www.soscalemedia.se/case-studies/salte-electrolytes.html]
[cdn.prod.website-files.com/67a323a1c68594827fa0cca9/67a380b9c82a69fbb7d28ad0_A4 - 56.png]
[www.soscalemedia.se/resources/e-book-winning-bfcm25.html]
[www.soscalemedia.se/resources/meta-ads-tech-tune-up.html]
[www.soscalemedia.se/resources/25-high-performing-static-ad-templates.html]
[www.soscalemedia.se/resources/marketing-psychology.html]
[www.soscalemedia.se/resources/100-winning-concepts.html]
[www.soscalemedia.se/resources/how-to-sell-with-ugc.html]
[www.soscalemedia.se/resources/kpi-decision-making.html]
[www.soscalemedia.se/resources/landing-pages---pdp-checklist.html]
[www.soscalemedia.se/resources/building-your-avatar-training.html]
[www.soscalemedia.se/resources/guide-for-iterations-on-existing-ads.html]
[www.soscalemedia.se/resources/250-hooks-ready-to-use.html]
[www.soscalemedia.se/resources/1200-free-creators.html]
[www.soscalemedia.se/resources/creative-that-scale.html]
[www.soscalemedia.se/_https_/cdn.prod.website-files.com/67a323a1c68594827fa0ccce/67a323a1c68594827fa0ce65_Selahatin Best Static Ads 1080x1920 B (1.html]
[www.soscalemedia.se/_https_/cdn.prod.website-files.com/67a323a1c68594827fa0ccce/67a323a1c68594827fa0ce64_AD 1 Quote 1080x1080.html]
[www.soscalemedia.se/_https_/cdn.prod.website-files.com/67a323a1c68594827fa0ccce/67a323a1c68594827fa0ce63_Sisterly Tribe Best Static Ads 1080x1920 A.html]
[www.soscalemedia.se/_https_/cdn.prod.website-files.com/67a323a1c68594827fa0ccce/67a323a1c68594827fa0ce66_Atunya Best Static Ads 1080x1920 A.html]
[www.soscalemedia.se/_https_/cdn.prod.website-files.com/67a323a1c68594827fa0ccce/67a46915c7dd47c881a17f6e_COFFYDOOR C1 1080x1920.html]
[www.soscalemedia.se/_https_/cdn.prod.website-files.com/67a323a1c68594827fa0ccce/67a4693d91cb3421bdbe5212_Dense Nutrition Best Static Ads 1080x1920 A.html]
[www.soscalemedia.se/_https_/cdn.prod.website-files.com/67a323a1c68594827fa0ccce/67a4695d857a24b0e1b8cfe9_Furry Family Iteration A 2024 Presentation.html]
[www.soscalemedia.se/_https_/cdn.prod.website-files.com/67a323a1c68594827fa0ccce/67a469914f6017640bb3cc54_HEAT By Sophia Lie Best Static Ads 1080x1920 B.html]
[www.soscalemedia.se/_https_/cdn.prod.website-files.com/67a323a1c68594827fa0ccce/67a469a925cda1c5f622f100_Imove Best Static Ads 1080x1920 A.html]
[www.soscalemedia.se/_https_/cdn.prod.website-files.com/67a323a1c68594827fa0ccce/67a46c1beefd261b0ad25616_Lifeseeds Best Static Ads 1080x1920 A.html]
[www.soscalemedia.se/_https_/cdn.prod.website-files.com/67a323a1c68594827fa0ccce/67a46c56fec8e1a2bd27767a_Sachajuan Best Static Ads 1080x1920 A.html]
[www.soscalemedia.se/_https_/cdn.prod.website-files.com/67a323a1c68594827fa0ccce/67a46c84e115f8b6dae9bf7c_Sachajuan Best Static Ads 1080x1920 B.html]
[www.soscalemedia.se/_https_/cdn.prod.website-files.com/67a323a1c68594827fa0ccce/67a46ca7cd3331cd0be332c4_Lifeseeds Master Document Slide 102.html]
[www.soscalemedia.se/_https_/cdn.prod.website-files.com/67a323a1c68594827fa0ccce/67a46c30389bfb55c32dc29c_Narcyss Aug 2024 Presentation Page 7B.html]
